This is pdfTeX, Version 3.141592653-2.6-1.40.23 (TeX Live 2022/dev) (preloaded format=pdflatex 2021.7.3)  14 JUL 2021 16:02
entering extended mode
 restricted \write18 enabled.
 %&-line parsing enabled.
**_main.tex
(./_main.tex
LaTeX2e <2021-06-01> patch level 1
L3 programming layer <2021-06-18> (/Users/deleeuw/Library/TinyTeX/texmf-dist/te
x/latex/base/book.cls
Document Class: book 2021/02/12 v1.4n Standard LaTeX document class
(/Users/deleeuw/Library/TinyTeX/texmf-dist/tex/latex/base/bk12.clo
File: bk12.clo 2021/02/12 v1.4n Standard LaTeX file (size option)
)
\c@part=\count182
\c@chapter=\count183
\c@section=\count184
\c@subsection=\count185
\c@subsubsection=\count186
\c@paragraph=\count187
\c@subparagraph=\count188
\c@figure=\count189
\c@table=\count190
\abovecaptionskip=\skip47
\belowcaptionskip=\skip48
\bibindent=\dimen138
) (/Users/deleeuw/Library/TinyTeX/texmf-dist/tex/latex/amsmath/amsmath.sty
Package: amsmath 2021/04/20 v2.17j AMS math features
\@mathmargin=\skip49
For additional information on amsmath, use the `?' option.
(/Users/deleeuw/Library/TinyTeX/texmf-dist/tex/latex/amsmath/amstext.sty
Package: amstext 2000/06/29 v2.01 AMS text
(/Users/deleeuw/Library/TinyTeX/texmf-dist/tex/latex/amsmath/amsgen.sty
File: amsgen.sty 1999/11/30 v2.0 generic functions
\@emptytoks=\toks16
\ex@=\dimen139
)) (/Users/deleeuw/Library/TinyTeX/texmf-dist/tex/latex/amsmath/amsbsy.sty
Package: amsbsy 1999/11/29 v1.2d Bold Symbols
\pmbraise@=\dimen140
) (/Users/deleeuw/Library/TinyTeX/texmf-dist/tex/latex/amsmath/amsopn.sty
Package: amsopn 2016/03/08 v2.02 operator names
)
\inf@bad=\count191
LaTeX Info: Redefining \frac on input line 234.
\uproot@=\count192
\leftroot@=\count193
LaTeX Info: Redefining \overline on input line 399.
\classnum@=\count194
\DOTSCASE@=\count195
LaTeX Info: Redefining \ldots on input line 496.
LaTeX Info: Redefining \dots on input line 499.
LaTeX Info: Redefining \cdots on input line 620.
\Mathstrutbox@=\box50
\strutbox@=\box51
\big@size=\dimen141
LaTeX Font Info:    Redeclaring font encoding OML on input line 743.
LaTeX Font Info:    Redeclaring font encoding OMS on input line 744.
\macc@depth=\count196
\c@MaxMatrixCols=\count197
\dotsspace@=\muskip16
\c@parentequation=\count198
\dspbrk@lvl=\count199
\tag@help=\toks17
\row@=\count266
\column@=\count267
\maxfields@=\count268
\andhelp@=\toks18
\eqnshift@=\dimen142
\alignsep@=\dimen143
\tagshift@=\dimen144
\tagwidth@=\dimen145
\totwidth@=\dimen146
\lineht@=\dimen147
\@envbody=\toks19
\multlinegap=\skip50
\multlinetaggap=\skip51
\mathdisplay@stack=\toks20
LaTeX Info: Redefining \[ on input line 2923.
LaTeX Info: Redefining \] on input line 2924.
) (/Users/deleeuw/Library/TinyTeX/texmf-dist/tex/latex/amsfonts/amssymb.sty
Package: amssymb 2013/01/14 v3.01 AMS font symbols
(/Users/deleeuw/Library/TinyTeX/texmf-dist/tex/latex/amsfonts/amsfonts.sty
Package: amsfonts 2013/01/14 v3.01 Basic AMSFonts support
\symAMSa=\mathgroup4
\symAMSb=\mathgroup5
LaTeX Font Info:    Redeclaring math symbol \hbar on input line 98.
LaTeX Font Info:    Overwriting math alphabet `\mathfrak' in version `bold'
(Font)                  U/euf/m/n --> U/euf/b/n on input line 106.
)) (/Users/deleeuw/Library/TinyTeX/texmf-dist/tex/latex/lm/lmodern.sty
Package: lmodern 2015/05/01 v1.6.1 Latin Modern Fonts
LaTeX Font Info:    Overwriting symbol font `operators' in version `normal'
(Font)                  OT1/cmr/m/n --> OT1/lmr/m/n on input line 22.
LaTeX Font Info:    Overwriting symbol font `letters' in version `normal'
(Font)                  OML/cmm/m/it --> OML/lmm/m/it on input line 23.
LaTeX Font Info:    Overwriting symbol font `symbols' in version `normal'
(Font)                  OMS/cmsy/m/n --> OMS/lmsy/m/n on input line 24.
LaTeX Font Info:    Overwriting symbol font `largesymbols' in version `normal'
(Font)                  OMX/cmex/m/n --> OMX/lmex/m/n on input line 25.
LaTeX Font Info:    Overwriting symbol font `operators' in version `bold'
(Font)                  OT1/cmr/bx/n --> OT1/lmr/bx/n on input line 26.
LaTeX Font Info:    Overwriting symbol font `letters' in version `bold'
(Font)                  OML/cmm/b/it --> OML/lmm/b/it on input line 27.
LaTeX Font Info:    Overwriting symbol font `symbols' in version `bold'
(Font)                  OMS/cmsy/b/n --> OMS/lmsy/b/n on input line 28.
LaTeX Font Info:    Overwriting symbol font `largesymbols' in version `bold'
(Font)                  OMX/cmex/m/n --> OMX/lmex/m/n on input line 29.
LaTeX Font Info:    Overwriting math alphabet `\mathbf' in version `normal'
(Font)                  OT1/cmr/bx/n --> OT1/lmr/bx/n on input line 31.
LaTeX Font Info:    Overwriting math alphabet `\mathsf' in version `normal'
(Font)                  OT1/cmss/m/n --> OT1/lmss/m/n on input line 32.
LaTeX Font Info:    Overwriting math alphabet `\mathit' in version `normal'
(Font)                  OT1/cmr/m/it --> OT1/lmr/m/it on input line 33.
LaTeX Font Info:    Overwriting math alphabet `\mathtt' in version `normal'
(Font)                  OT1/cmtt/m/n --> OT1/lmtt/m/n on input line 34.
LaTeX Font Info:    Overwriting math alphabet `\mathbf' in version `bold'
(Font)                  OT1/cmr/bx/n --> OT1/lmr/bx/n on input line 35.
LaTeX Font Info:    Overwriting math alphabet `\mathsf' in version `bold'
(Font)                  OT1/cmss/bx/n --> OT1/lmss/bx/n on input line 36.
LaTeX Font Info:    Overwriting math alphabet `\mathit' in version `bold'
(Font)                  OT1/cmr/bx/it --> OT1/lmr/bx/it on input line 37.
LaTeX Font Info:    Overwriting math alphabet `\mathtt' in version `bold'
(Font)                  OT1/cmtt/m/n --> OT1/lmtt/m/n on input line 38.
) (/Users/deleeuw/Library/TinyTeX/texmf-dist/tex/generic/iftex/ifxetex.sty
Package: ifxetex 2019/10/25 v0.7 ifxetex legacy package. Use iftex instead.
(/Users/deleeuw/Library/TinyTeX/texmf-dist/tex/generic/iftex/iftex.sty
Package: iftex 2020/03/06 v1.0d TeX engine tests
)) (/Users/deleeuw/Library/TinyTeX/texmf-dist/tex/generic/iftex/ifluatex.sty
Package: ifluatex 2019/10/25 v1.5 ifluatex legacy package. Use iftex instead.
) (/Users/deleeuw/Library/TinyTeX/texmf-dist/tex/latex/base/fontenc.sty
Package: fontenc 2021/04/29 v2.0v Standard LaTeX package
LaTeX Font Info:    Trying to load font information for T1+lmr on input line 11
2.
(/Users/deleeuw/Library/TinyTeX/texmf-dist/tex/latex/lm/t1lmr.fd
File: t1lmr.fd 2015/05/01 v1.6.1 Font defs for Latin Modern
)) (/Users/deleeuw/Library/TinyTeX/texmf-dist/tex/latex/base/inputenc.sty
Package: inputenc 2021/02/14 v1.3d Input encoding file
\inpenc@prehook=\toks21
\inpenc@posthook=\toks22
) (/Users/deleeuw/Library/TinyTeX/texmf-dist/tex/latex/base/textcomp.sty
Package: textcomp 2020/02/02 v2.0n Standard LaTeX package
) (/Users/deleeuw/Library/TinyTeX/texmf-dist/tex/latex/upquote/upquote.sty
Package: upquote 2012/04/19 v1.3 upright-quote and grave-accent glyphs in verba
tim
) (/Users/deleeuw/Library/TinyTeX/texmf-dist/tex/latex/xcolor/xcolor.sty
Package: xcolor 2016/05/11 v2.12 LaTeX color extensions (UK)
(/Users/deleeuw/Library/TinyTeX/texmf-dist/tex/latex/graphics-cfg/color.cfg
File: color.cfg 2016/01/02 v1.6 sample color configuration
)
Package xcolor Info: Driver file: pdftex.def on input line 225.
(/Users/deleeuw/Library/TinyTeX/texmf-dist/tex/latex/graphics-def/pdftex.def
File: pdftex.def 2020/10/05 v1.2a Graphics/color driver for pdftex
)
Package xcolor Info: Model `cmy' substituted by `cmy0' on input line 1348.
Package xcolor Info: Model `hsb' substituted by `rgb' on input line 1352.
Package xcolor Info: Model `RGB' extended on input line 1364.
Package xcolor Info: Model `HTML' substituted by `rgb' on input line 1366.
Package xcolor Info: Model `Hsb' substituted by `hsb' on input line 1367.
Package xcolor Info: Model `tHsb' substituted by `hsb' on input line 1368.
Package xcolor Info: Model `HSB' substituted by `hsb' on input line 1369.
Package xcolor Info: Model `Gray' substituted by `gray' on input line 1370.
Package xcolor Info: Model `wave' substituted by `hsb' on input line 1371.
) (/Users/deleeuw/Library/TinyTeX/texmf-dist/tex/latex/hyperref/hyperref.sty
Package: hyperref 2021-06-07 v7.00m Hypertext links for LaTeX
(/Users/deleeuw/Library/TinyTeX/texmf-dist/tex/generic/ltxcmds/ltxcmds.sty
Package: ltxcmds 2020-05-10 v1.25 LaTeX kernel commands for general use (HO)
)
(/Users/deleeuw/Library/TinyTeX/texmf-dist/tex/generic/pdftexcmds/pdftexcmds.st
y
Package: pdftexcmds 2020-06-27 v0.33 Utility functions of pdfTeX for LuaTeX (HO
)
(/Users/deleeuw/Library/TinyTeX/texmf-dist/tex/generic/infwarerr/infwarerr.sty
Package: infwarerr 2019/12/03 v1.5 Providing info/warning/error messages (HO)
)
Package pdftexcmds Info: \pdf@primitive is available.
Package pdftexcmds Info: \pdf@ifprimitive is available.
Package pdftexcmds Info: \pdfdraftmode found.
) (/Users/deleeuw/Library/TinyTeX/texmf-dist/tex/latex/graphics/keyval.sty
Package: keyval 2014/10/28 v1.15 key=value parser (DPC)
\KV@toks@=\toks23
) (/Users/deleeuw/Library/TinyTeX/texmf-dist/tex/generic/kvsetkeys/kvsetkeys.st
y
Package: kvsetkeys 2019/12/15 v1.18 Key value parser (HO)
)
(/Users/deleeuw/Library/TinyTeX/texmf-dist/tex/generic/kvdefinekeys/kvdefinekey
s.sty
Package: kvdefinekeys 2019-12-19 v1.6 Define keys (HO)
) (/Users/deleeuw/Library/TinyTeX/texmf-dist/tex/generic/pdfescape/pdfescape.st
y
Package: pdfescape 2019/12/09 v1.15 Implements pdfTeX's escape features (HO)
) (/Users/deleeuw/Library/TinyTeX/texmf-dist/tex/latex/hycolor/hycolor.sty
Package: hycolor 2020-01-27 v1.10 Color options for hyperref/bookmark (HO)
)
(/Users/deleeuw/Library/TinyTeX/texmf-dist/tex/latex/letltxmacro/letltxmacro.st
y
Package: letltxmacro 2019/12/03 v1.6 Let assignment for LaTeX macros (HO)
) (/Users/deleeuw/Library/TinyTeX/texmf-dist/tex/latex/auxhook/auxhook.sty
Package: auxhook 2019-12-17 v1.6 Hooks for auxiliary files (HO)
) (/Users/deleeuw/Library/TinyTeX/texmf-dist/tex/latex/kvoptions/kvoptions.sty
Package: kvoptions 2020-10-07 v3.14 Key value format for package options (HO)
)
\@linkdim=\dimen148
\Hy@linkcounter=\count269
\Hy@pagecounter=\count270
(/Users/deleeuw/Library/TinyTeX/texmf-dist/tex/latex/hyperref/pd1enc.def
File: pd1enc.def 2021-06-07 v7.00m Hyperref: PDFDocEncoding definition (HO)
Now handling font encoding PD1 ...
... no UTF-8 mapping file for font encoding PD1
)
(/Users/deleeuw/Library/TinyTeX/texmf-dist/tex/latex/hyperref/hyperref-langpatc
hes.def
File: hyperref-langpatches.def 2021-06-07 v7.00m Hyperref: patches for babel la
nguages
) (/Users/deleeuw/Library/TinyTeX/texmf-dist/tex/generic/intcalc/intcalc.sty
Package: intcalc 2019/12/15 v1.3 Expandable calculations with integers (HO)
) (/Users/deleeuw/Library/TinyTeX/texmf-dist/tex/generic/etexcmds/etexcmds.sty
Package: etexcmds 2019/12/15 v1.7 Avoid name clashes with e-TeX commands (HO)
)
\Hy@SavedSpaceFactor=\count271
(/Users/deleeuw/Library/TinyTeX/texmf-dist/tex/latex/hyperref/puenc.def
File: puenc.def 2021-06-07 v7.00m Hyperref: PDF Unicode definition (HO)
Now handling font encoding PU ...
... no UTF-8 mapping file for font encoding PU
)
Package hyperref Info: Option `unicode' set `true' on input line 4073.
Package hyperref Info: Hyper figures OFF on input line 4192.
Package hyperref Info: Link nesting OFF on input line 4197.
Package hyperref Info: Hyper index ON on input line 4200.
Package hyperref Info: Plain pages OFF on input line 4207.
Package hyperref Info: Backreferencing OFF on input line 4212.
Package hyperref Info: Implicit mode ON; LaTeX internals redefined.
Package hyperref Info: Bookmarks ON on input line 4445.
\c@Hy@tempcnt=\count272
(/Users/deleeuw/Library/TinyTeX/texmf-dist/tex/latex/url/url.sty
\Urlmuskip=\muskip17
Package: url 2013/09/16  ver 3.4  Verb mode for urls, etc.
)
LaTeX Info: Redefining \url on input line 4804.
\XeTeXLinkMargin=\dimen149
(/Users/deleeuw/Library/TinyTeX/texmf-dist/tex/generic/bitset/bitset.sty
Package: bitset 2019/12/09 v1.3 Handle bit-vector datatype (HO)

(/Users/deleeuw/Library/TinyTeX/texmf-dist/tex/generic/bigintcalc/bigintcalc.st
y
Package: bigintcalc 2019/12/15 v1.5 Expandable calculations on big integers (HO
)
))
\Fld@menulength=\count273
\Field@Width=\dimen150
\Fld@charsize=\dimen151
Package hyperref Info: Hyper figures OFF on input line 6076.
Package hyperref Info: Link nesting OFF on input line 6081.
Package hyperref Info: Hyper index ON on input line 6084.
Package hyperref Info: backreferencing OFF on input line 6091.
Package hyperref Info: Link coloring OFF on input line 6096.
Package hyperref Info: Link coloring with OCG OFF on input line 6101.
Package hyperref Info: PDF/A mode OFF on input line 6106.
LaTeX Info: Redefining \ref on input line 6146.
LaTeX Info: Redefining \pageref on input line 6150.
(/Users/deleeuw/Library/TinyTeX/texmf-dist/tex/latex/base/atbegshi-ltx.sty
Package: atbegshi-ltx 2021/01/10 v1.0c Emulation of the original atbegshi
package with kernel methods
)
\Hy@abspage=\count274
\c@Item=\count275
\c@Hfootnote=\count276
)
Package hyperref Info: Driver (autodetected): hpdftex.
(/Users/deleeuw/Library/TinyTeX/texmf-dist/tex/latex/hyperref/hpdftex.def
File: hpdftex.def 2021-06-07 v7.00m Hyperref driver for pdfTeX
(/Users/deleeuw/Library/TinyTeX/texmf-dist/tex/latex/base/atveryend-ltx.sty
Package: atveryend-ltx 2020/08/19 v1.0a Emulation of the original atvery packag
e
with kernel methods
)
\Fld@listcount=\count277
\c@bookmark@seq@number=\count278

(/Users/deleeuw/Library/TinyTeX/texmf-dist/tex/latex/rerunfilecheck/rerunfilech
eck.sty
Package: rerunfilecheck 2019/12/05 v1.9 Rerun checks for auxiliary files (HO)

(/Users/deleeuw/Library/TinyTeX/texmf-dist/tex/generic/uniquecounter/uniquecoun
ter.sty
Package: uniquecounter 2019/12/15 v1.4 Provide unlimited unique counter (HO)
)
Package uniquecounter Info: New unique counter `rerunfilecheck' on input line 2
86.
)
\Hy@SectionHShift=\skip52
) (/Users/deleeuw/Library/TinyTeX/texmf-dist/tex/latex/fancyvrb/fancyvrb.sty
Package: fancyvrb 2021/01/20 v3.7 verbatim text (tvz,hv)
\FV@CodeLineNo=\count279
\FV@InFile=\read2
\FV@TabBox=\box52
\c@FancyVerbLine=\count280
\FV@StepNumber=\count281
\FV@OutFile=\write3
) (/Users/deleeuw/Library/TinyTeX/texmf-dist/tex/latex/framed/framed.sty
Package: framed 2011/10/22 v 0.96: framed or shaded text with page breaks
\OuterFrameSep=\skip53
\fb@frw=\dimen152
\fb@frh=\dimen153
\FrameRule=\dimen154
\FrameSep=\dimen155
) (/Users/deleeuw/Library/TinyTeX/texmf-dist/tex/latex/tools/longtable.sty
Package: longtable 2021-05-07 v4.16 Multi-page Table package (DPC)
\LTleft=\skip54
\LTright=\skip55
\LTpre=\skip56
\LTpost=\skip57
\LTchunksize=\count282
\LTcapwidth=\dimen156
\LT@head=\box53
\LT@firsthead=\box54
\LT@foot=\box55
\LT@lastfoot=\box56
\LT@gbox=\box57
\LT@cols=\count283
\LT@rows=\count284
\c@LT@tables=\count285
\c@LT@chunks=\count286
\LT@p@ftn=\toks24
) (/Users/deleeuw/Library/TinyTeX/texmf-dist/tex/latex/booktabs/booktabs.sty
Package: booktabs 2020/01/12 v1.61803398 Publication quality tables
\heavyrulewidth=\dimen157
\lightrulewidth=\dimen158
\cmidrulewidth=\dimen159
\belowrulesep=\dimen160
\belowbottomsep=\dimen161
\aboverulesep=\dimen162
\abovetopsep=\dimen163
\cmidrulesep=\dimen164
\cmidrulekern=\dimen165
\defaultaddspace=\dimen166
\@cmidla=\count287
\@cmidlb=\count288
\@aboverulesep=\dimen167
\@belowrulesep=\dimen168
\@thisruleclass=\count289
\@lastruleclass=\count290
\@thisrulewidth=\dimen169
) (/Users/deleeuw/Library/TinyTeX/texmf-dist/tex/latex/tools/array.sty
Package: array 2021/04/20 v2.5e Tabular extension package (FMi)
\col@sep=\dimen170
\ar@mcellbox=\box58
\extrarowheight=\dimen171
\NC@list=\toks25
\extratabsurround=\skip58
\backup@length=\skip59
\ar@cellbox=\box59
) (/Users/deleeuw/Library/TinyTeX/texmf-dist/tex/latex/tools/calc.sty
Package: calc 2017/05/25 v4.3 Infix arithmetic (KKT,FJ)
\calc@Acount=\count291
\calc@Bcount=\count292
\calc@Adimen=\dimen172
\calc@Bdimen=\dimen173
\calc@Askip=\skip60
\calc@Bskip=\skip61
LaTeX Info: Redefining \setlength on input line 80.
LaTeX Info: Redefining \addtolength on input line 81.
\calc@Ccount=\count293
\calc@Cskip=\skip62
) (/Users/deleeuw/Library/TinyTeX/texmf-dist/tex/latex/etoolbox/etoolbox.sty
Package: etoolbox 2020/10/05 v2.5k e-TeX tools for LaTeX (JAW)
\etb@tempcnta=\count294
) (/Users/deleeuw/Library/TinyTeX/texmf-dist/tex/latex/mdwtools/footnote.sty
Package: footnote 1997/01/28 1.13 Save footnotes around boxes
\fn@notes=\box60
\fn@width=\dimen174
) (/Users/deleeuw/Library/TinyTeX/texmf-dist/tex/latex/graphics/graphicx.sty
Package: graphicx 2020/12/05 v1.2c Enhanced LaTeX Graphics (DPC,SPQR)
(/Users/deleeuw/Library/TinyTeX/texmf-dist/tex/latex/graphics/graphics.sty
Package: graphics 2021/03/04 v1.4d Standard LaTeX Graphics (DPC,SPQR)
(/Users/deleeuw/Library/TinyTeX/texmf-dist/tex/latex/graphics/trig.sty
Package: trig 2016/01/03 v1.10 sin cos tan (DPC)
) (/Users/deleeuw/Library/TinyTeX/texmf-dist/tex/latex/graphics-cfg/graphics.cf
g
File: graphics.cfg 2016/06/04 v1.11 sample graphics configuration
)
Package graphics Info: Driver file: pdftex.def on input line 107.
)
\Gin@req@height=\dimen175
\Gin@req@width=\dimen176
)
\cslhangindent=\skip63
\csllabelwidth=\skip64

(/Users/deleeuw/Library/TinyTeX/texmf-dist/tex/latex/l3backend/l3backend-pdftex
.def
File: l3backend-pdftex.def 2021-05-07 L3 backend support: PDF output (pdfTeX)
\l__color_backend_stack_int=\count295
\l__pdf_internal_box=\box61
) (./_main.aux)
\openout1 = `_main.aux'.

LaTeX Font Info:    Checking defaults for OML/cmm/m/it on input line 141.
LaTeX Font Info:    ... okay on input line 141.
LaTeX Font Info:    Checking defaults for OMS/cmsy/m/n on input line 141.
LaTeX Font Info:    ... okay on input line 141.
LaTeX Font Info:    Checking defaults for OT1/cmr/m/n on input line 141.
LaTeX Font Info:    ... okay on input line 141.
LaTeX Font Info:    Checking defaults for T1/cmr/m/n on input line 141.
LaTeX Font Info:    ... okay on input line 141.
LaTeX Font Info:    Checking defaults for TS1/cmr/m/n on input line 141.
LaTeX Font Info:    ... okay on input line 141.
LaTeX Font Info:    Checking defaults for OMX/cmex/m/n on input line 141.
LaTeX Font Info:    ... okay on input line 141.
LaTeX Font Info:    Checking defaults for U/cmr/m/n on input line 141.
LaTeX Font Info:    ... okay on input line 141.
LaTeX Font Info:    Checking defaults for PD1/pdf/m/n on input line 141.
LaTeX Font Info:    ... okay on input line 141.
LaTeX Font Info:    Checking defaults for PU/pdf/m/n on input line 141.
LaTeX Font Info:    ... okay on input line 141.

(/Users/deleeuw/Library/TinyTeX/texmf-dist/tex/latex/epstopdf-pkg/epstopdf-base
.sty
Package: epstopdf-base 2020-01-24 v2.11 Base part for package epstopdf
Package epstopdf-base Info: Redefining graphics rule for `.eps' on input line 4
85.

(/Users/deleeuw/Library/TinyTeX/texmf-dist/tex/latex/latexconfig/epstopdf-sys.c
fg
File: epstopdf-sys.cfg 2010/07/13 v1.3 Configuration of (r)epstopdf for TeX Liv
e
))
Package hyperref Info: Link coloring OFF on input line 141.
(/Users/deleeuw/Library/TinyTeX/texmf-dist/tex/latex/hyperref/nameref.sty
Package: nameref 2021-04-02 v2.47 Cross-referencing by name of section
(/Users/deleeuw/Library/TinyTeX/texmf-dist/tex/latex/refcount/refcount.sty
Package: refcount 2019/12/15 v3.6 Data extraction from label references (HO)
)
(/Users/deleeuw/Library/TinyTeX/texmf-dist/tex/generic/gettitlestring/gettitles
tring.sty
Package: gettitlestring 2019/12/15 v1.6 Cleanup title references (HO)
)
\c@section@level=\count296
)
LaTeX Info: Redefining \ref on input line 141.
LaTeX Info: Redefining \pageref on input line 141.
LaTeX Info: Redefining \nameref on input line 141.
(./_main.out) (./_main.out)
\@outlinefile=\write4
\openout4 = `_main.out'.

LaTeX Font Info:    Trying to load font information for OT1+lmr on input line 1
43.
(/Users/deleeuw/Library/TinyTeX/texmf-dist/tex/latex/lm/ot1lmr.fd
File: ot1lmr.fd 2015/05/01 v1.6.1 Font defs for Latin Modern
)
LaTeX Font Info:    Trying to load font information for OML+lmm on input line 1
43.
(/Users/deleeuw/Library/TinyTeX/texmf-dist/tex/latex/lm/omllmm.fd
File: omllmm.fd 2015/05/01 v1.6.1 Font defs for Latin Modern
)
LaTeX Font Info:    Trying to load font information for OMS+lmsy on input line 
143.
(/Users/deleeuw/Library/TinyTeX/texmf-dist/tex/latex/lm/omslmsy.fd
File: omslmsy.fd 2015/05/01 v1.6.1 Font defs for Latin Modern
)
LaTeX Font Info:    Trying to load font information for OMX+lmex on input line 
143.
(/Users/deleeuw/Library/TinyTeX/texmf-dist/tex/latex/lm/omxlmex.fd
File: omxlmex.fd 2015/05/01 v1.6.1 Font defs for Latin Modern
)
LaTeX Font Info:    External font `lmex10' loaded for size
(Font)              <14.4> on input line 143.
LaTeX Font Info:    External font `lmex10' loaded for size
(Font)              <10> on input line 143.
LaTeX Font Info:    External font `lmex10' loaded for size
(Font)              <7> on input line 143.
LaTeX Font Info:    Trying to load font information for U+msa on input line 143
.
(/Users/deleeuw/Library/TinyTeX/texmf-dist/tex/latex/amsfonts/umsa.fd
File: umsa.fd 2013/01/14 v3.01 AMS symbols A
)
LaTeX Font Info:    Trying to load font information for U+msb on input line 143
.
(/Users/deleeuw/Library/TinyTeX/texmf-dist/tex/latex/amsfonts/umsb.fd
File: umsb.fd 2013/01/14 v3.01 AMS symbols B
) [1


{/Users/deleeuw/Library/TinyTeX/texmf-var/fonts/map/pdftex/updmap/pdftex.map}] 
[2

] (./_main.toc
LaTeX Font Info:    External font `lmex10' loaded for size
(Font)              <12> on input line 4.
LaTeX Font Info:    External font `lmex10' loaded for size
(Font)              <8> on input line 4.
LaTeX Font Info:    External font `lmex10' loaded for size
(Font)              <6> on input line 4.
[3] [4] [5] [6])
\tf@toc=\write5
\openout5 = `_main.toc'.

[7] [8

] [9] [10

]
<graphics/bookfig1.png, id=663, 781.92125pt x 308.15125pt>
File: graphics/bookfig1.png Graphic file (type png)
<use graphics/bookfig1.png>
Package pdftex.def Info: graphics/bookfig1.png  used on input line 178.
(pdftex.def)             Requested size: 781.97899pt x 308.17398pt.

Overfull \hbox (391.97899pt too wide) in paragraph at lines 178--179
 [][] 
 []

LaTeX Font Info:    Trying to load font information for T1+lmtt on input line 1
94.
(/Users/deleeuw/Library/TinyTeX/texmf-dist/tex/latex/lm/t1lmtt.fd
File: t1lmtt.fd 2015/05/01 v1.6.1 Font defs for Latin Modern
) [11] [12 <./graphics/bookfig1.png>] [13] [14]
Chapter 1.
[15

] [16] [17] [18]
Chapter 2.
[19

]
Underfull \vbox (badness 10000) has occurred while \output is active []

[20] [21] [22] [23] [24] [25] [26] [27]

LaTeX Warning: Reference `T:triv' on page 28 undefined on input line 598.

[28] [29] [30] [31]
Overfull \hbox (12.4024pt too wide) detected at line 813
\OMS/lmsy/m/n/12 M\OT1/lmr/m/n/12 (\OML/lmm/m/it/12 x\OT1/lmr/m/n/12 ) = \OMS/l
msy/m/n/12 ^^@ [][] [] \OML/lmm/m/it/12 ;
 []


Overfull \hbox (10.48148pt too wide) detected at line 832
 []$[]  \OMS/lmsy/m/n/12 M\OT1/lmr/m/n/12 (\OML/lmm/m/it/12 x\OT1/lmr/m/n/12 ) 
= \OMS/lmsy/m/n/12 ^^@ [] [] \OT1/lmr/m/n/12 =$ 
 []

[32] [33] [34] [35] [36]
Underfull \hbox (badness 2689) in paragraph at lines 1058--1061
\T1/lmr/m/n/12 Of course $\OML/lmm/m/it/12 ^^Z[]\OT1/lmr/m/n/12 (\OML/lmm/m/it/
12 y[]; []  ; y[]\OT1/lmr/m/n/12 ) = \OML/lmm/m/it/12 ^^Z[]\OT1/lmr/m/n/12 (\OM
L/lmm/m/it/12 y[]; []  ; y[]\OT1/lmr/m/n/12 )$ \T1/lmr/m/n/12 for all $\OML/lmm
/m/it/12 j$ \T1/lmr/m/n/12 and $\OML/lmm/m/it/12 `$\T1/lmr/m/n/12 , and
 []

[37] [38]

LaTeX Warning: Reference `E:And2' on page 39 undefined on input line 1132.

[39]
<_main_files/figure-latex/saddlecontour-1.pdf, id=1026, 434.62375pt x 248.93pt>

File: _main_files/figure-latex/saddlecontour-1.pdf Graphic file (type pdf)
<use _main_files/figure-latex/saddlecontour-1.pdf>
Package pdftex.def Info: _main_files/figure-latex/saddlecontour-1.pdf  used on 
input line 1174.
(pdftex.def)             Requested size: 390.02371pt x 223.38539pt.
<_main_files/figure-latex/saddlepersp-1.pdf, id=1027, 222.8325pt x 199.74625pt>

File: _main_files/figure-latex/saddlepersp-1.pdf Graphic file (type pdf)
<use _main_files/figure-latex/saddlepersp-1.pdf>
Package pdftex.def Info: _main_files/figure-latex/saddlepersp-1.pdf  used on in
put line 1183.
(pdftex.def)             Requested size: 222.83534pt x 199.7488pt.
[40 <./_main_files/figure-latex/saddlecontour-1.pdf>] [41 <./_main_files/figure
-latex/saddlepersp-1.pdf>]
Underfull \hbox (badness 1014) in paragraph at lines 1231--1234
\T1/lmr/m/n/12 To com-pute $[] \OML/lmm/m/it/12 f\OT1/lmr/m/n/12 (\OML/lmm/m/it
/12 a; b\OT1/lmr/m/n/12 )$ \T1/lmr/m/n/12 we do the usual Cheby-shev cal-cu-la-
tions. If
 []

[42] [43]
Underfull \hbox (badness 1173) in paragraph at lines 1301--1303
[]\T1/lmr/m/n/12 We make the nec-es-sary cal-cu-la-tions, start-ing from the le
ft. De-fine
 []

[44] [45]
<_main_files/figure-latex/uprule-1.pdf, id=1077, 442.65375pt x 291.0875pt>
File: _main_files/figure-latex/uprule-1.pdf Graphic file (type pdf)
<use _main_files/figure-latex/uprule-1.pdf>
Package pdftex.def Info: _main_files/figure-latex/uprule-1.pdf  used on input l
ine 1372.
(pdftex.def)             Requested size: 390.0228pt x 256.47757pt.
[46 <./_main_files/figure-latex/uprule-1.pdf>] [47]
Underfull \vbox (badness 3396) has occurred while \output is active []

[48] [49] [50

]
Chapter 3.

Overfull \hbox (10.17352pt too wide) in paragraph at lines 1501--1502
\T1/lmr/m/n/12 ###The Carte-sian Folium{#coordinatedescent:examples:thecartesia
nfolium} 
 []

[51]
<_main_files/figure-latex/folium-1.pdf, id=1120, 409.53pt x 219.82124pt>
File: _main_files/figure-latex/folium-1.pdf Graphic file (type pdf)
<use _main_files/figure-latex/folium-1.pdf>
Package pdftex.def Info: _main_files/figure-latex/folium-1.pdf  used on input l
ine 1526.
(pdftex.def)             Requested size: 390.02612pt x 209.35223pt.
[52 <./_main_files/figure-latex/folium-1.pdf>]
Overfull \hbox (23.55064pt too wide) in paragraph at lines 1547--1548
[]\T1/lmr/m/n/12 ###A Fam-ily of Quadrat-ics{#coordinatedescent:examples:afamil
yofquadratics} 
 []

[53] [54] [55] [56] [57] [58] [59] [60]
<graphics/rcase2.png, id=1175, 481.8pt x 481.8pt>
File: graphics/rcase2.png Graphic file (type png)
<use graphics/rcase2.png>
Package pdftex.def Info: graphics/rcase2.png  used on input line 1904.
(pdftex.def)             Requested size: 481.8135pt x 481.8135pt.

Overfull \hbox (91.8135pt too wide) in paragraph at lines 1904--1905
 [][] 
 []

<graphics/rcase3.png, id=1176, 481.8pt x 481.8pt>
File: graphics/rcase3.png Graphic file (type png)
<use graphics/rcase3.png>
Package pdftex.def Info: graphics/rcase3.png  used on input line 1913.
(pdftex.def)             Requested size: 481.8135pt x 481.8135pt.

Overfull \hbox (91.8135pt too wide) in paragraph at lines 1913--1914
 [][] 
 []


Overfull \hbox (49.47134pt too wide) in paragraph at lines 1920--1921
[]\T1/lmr/m/n/12 ###Squared Dis-tance Scal-ing{#coordinatedescent:examples:squa
reddistancescaling} 
 []

[61] [62 <./graphics/rcase2.png>] [63 <./graphics/rcase3.png>] [64]
Overfull \hbox (88.13982pt too wide) in paragraph at lines 1952--1953
[]\T1/lmr/m/n/12 ###Least Squares Fac-tor Anal-y-sis{#coordinatedescent:example
s:leastsquaresfactoranalysis} 
 []

[65] [66] [67]
Overfull \hbox (3.98488pt too wide) in paragraph at lines 2073--2074
[]\T1/lmr/m/n/12 ###NIPALS and PLS{#alternatingleastsquares:closerelatives:nipa
lsandpls} 
 []

[68]
Overfull \hbox (49.10611pt too wide) in paragraph at lines 2127--2128
[]\T1/lmr/m/n/12 ###Homogeneity Anal-y-sis{#alternatingleastsquares:examples:ho
mogeneityanalysis} 
 []


Overfull \hbox (92.58286pt too wide) in paragraph at lines 2129--2130
[]\T1/lmr/m/n/12 ###Fixed Rank Ap-prox-i-ma-tion{#alternatingleastsquares:examp
les:fixedrankapproximation} 
 []


Overfull \hbox (14.41423pt too wide) in paragraph at lines 2131--2132
[]\T1/lmr/m/n/12 ###Multilinear Fit-ting{#alternatingleastsquares:examples:mult
ilinearfitting} 
 []


Overfull \hbox (32.99257pt too wide) in paragraph at lines 2136--2137
\T1/lmr/m/n/12 ###Scaling and Split-ting{#alternatingleastsquares:examples:scal
ingandsplitting} 
 []

[69]
Overfull \hbox (1.42558pt too wide) detected at line 2173
[] [] \OML/lmm/m/it/12 ^^[\OT1/lmr/m/n/12 (\OML/lmm/m/it/12 X; Y; A; B\OT1/lmr/
m/n/12 ) = [] [] \OML/lmm/m/it/12 ^^[\OT1/lmr/m/n/12 (\OML/lmm/m/it/12 X; Y; A;
 B\OT1/lmr/m/n/12 ) = [](1 \OMS/lmsy/m/n/12 ^^@ \OML/lmm/m/it/12 ^^Z[]\OT1/lmr/
m/n/12 (\OML/lmm/m/it/12 X; Y\OT1/lmr/m/n/12 ))\OML/lmm/m/it/12 :
 []

[70]

Package hyperref Warning: Suppressing link with empty target on input line 2267
.


Package hyperref Warning: Suppressing link with empty target on input line 2267
.

[71] [72] [73] [74] [75] [76] [77] [78] [79]
LaTeX Font Info:    Trying to load font information for TS1+lmr on input line 2
588.
(/Users/deleeuw/Library/TinyTeX/texmf-dist/tex/latex/lm/ts1lmr.fd
File: ts1lmr.fd 2015/05/01 v1.6.1 Font defs for Latin Modern
) [80]

LaTeX Warning: Reference `E:g2' on page 81 undefined on input line 2642.


LaTeX Warning: Reference `E:g3' on page 81 undefined on input line 2642.

[81]

LaTeX Warning: Reference `E:sstress' on page 82 undefined on input line 2683.


LaTeX Warning: Reference `E:alg' on page 82 undefined on input line 2698.

[82]

LaTeX Warning: Reference `E:expand' on page 83 undefined on input line 2708.

[83] [84]
<_main_files/figure-latex/loog-1.pdf, id=1356, 436.63126pt x 248.93pt>
File: _main_files/figure-latex/loog-1.pdf Graphic file (type pdf)
<use _main_files/figure-latex/loog-1.pdf>
Package pdftex.def Info: _main_files/figure-latex/loog-1.pdf  used on input lin
e 2833.
(pdftex.def)             Requested size: 389.99971pt x 222.34465pt.
[85] [86 <./_main_files/figure-latex/loog-1.pdf>]
<_main_files/figure-latex/cubby-1.pdf, id=1373, 440.64626pt x 253.94875pt>
File: _main_files/figure-latex/cubby-1.pdf Graphic file (type pdf)
<use _main_files/figure-latex/cubby-1.pdf>
Package pdftex.def Info: _main_files/figure-latex/cubby-1.pdf  used on input li
ne 2849.
(pdftex.def)             Requested size: 390.01561pt x 224.7698pt.
[87 <./_main_files/figure-latex/cubby-1.pdf>]
<_main_files/figure-latex/infty-1.pdf, id=1385, 440.64626pt x 255.95625pt>
File: _main_files/figure-latex/infty-1.pdf Graphic file (type pdf)
<use _main_files/figure-latex/infty-1.pdf>
Package pdftex.def Info: _main_files/figure-latex/infty-1.pdf  used on input li
ne 2865.
(pdftex.def)             Requested size: 390.01561pt x 226.54665pt.
[88 <./_main_files/figure-latex/infty-1.pdf>]
<graphics/logitcouple.png, id=1398, 1401.235pt x 911.405pt>
File: graphics/logitcouple.png Graphic file (type png)
<use graphics/logitcouple.png>
Package pdftex.def Info: graphics/logitcouple.png  used on input line 2920.
(pdftex.def)             Requested size: 843.31323pt x 548.51605pt.

Overfull \hbox (453.31323pt too wide) in paragraph at lines 2920--2921
 [][] 
 []


LaTeX Warning: Float too large for page by 27.51605pt on input line 2925.

<_main_files/figure-latex/interplanes-1.pdf, id=1399, 440.64626pt x 248.93pt>
File: _main_files/figure-latex/interplanes-1.pdf Graphic file (type pdf)
<use _main_files/figure-latex/interplanes-1.pdf>
Package pdftex.def Info: _main_files/figure-latex/interplanes-1.pdf  used on in
put line 2934.
(pdftex.def)             Requested size: 390.01561pt x 220.32771pt.
[89] [90 <./graphics/logitcouple.png (PNG copy)>]
<_main_files/figure-latex/logitother-1.pdf, id=1409, 440.64626pt x 250.9375pt>
File: _main_files/figure-latex/logitother-1.pdf Graphic file (type pdf)
<use _main_files/figure-latex/logitother-1.pdf>
Package pdftex.def Info: _main_files/figure-latex/logitother-1.pdf  used on inp
ut line 2946.
(pdftex.def)             Requested size: 390.01561pt x 222.10455pt.

Underfull \vbox (badness 1014) has occurred while \output is active []

[91 <./_main_files/figure-latex/interplanes-1.pdf>] [92 <./_main_files/figure-l
atex/logitother-1.pdf>]
<_main_files/figure-latex/bookfig5-1.pdf, id=1436, 440.64626pt x 248.93pt>
File: _main_files/figure-latex/bookfig5-1.pdf Graphic file (type pdf)
<use _main_files/figure-latex/bookfig5-1.pdf>
Package pdftex.def Info: _main_files/figure-latex/bookfig5-1.pdf  used on input
 line 2995.
(pdftex.def)             Requested size: 390.01561pt x 220.32771pt.

Overfull \hbox (344.80435pt too wide) in paragraph at lines 3017--3017
[]\T1/lmtt/m/n/12 ## Iteration:    1 fold:   -9.00000000 fnew:  -23.82883884 xo
ld:    3.00000000 xnew:    2.46621207 ratio:    0.00000000[] 
 []


Overfull \hbox (344.76933pt too wide) in paragraph at lines 3017--3017
[]\T1/lmtt/m/n/12 ## Iteration:    2 fold:  -23.82883884 fnew:  -24.88612919 xo
ld:    2.46621207 xnew:    2.31029165 ratio:    0.32250955[] 
 []


Overfull \hbox (344.74832pt too wide) in paragraph at lines 3017--3017
[]\T1/lmtt/m/n/12 ## Iteration:    3 fold:  -24.88612919 fnew:  -24.98789057 xo
ld:    2.31029165 xnew:    2.26054039 ratio:    0.32971167[] 
 []


Overfull \hbox (344.75533pt too wide) in paragraph at lines 3017--3017
[]\T1/lmtt/m/n/12 ## Iteration:    4 fold:  -24.98789057 fnew:  -24.99867394 xo
ld:    2.26054039 xnew:    2.24419587 ratio:    0.33212463[] 
 []


Overfull \hbox (344.76233pt too wide) in paragraph at lines 3017--3017
[]\T1/lmtt/m/n/12 ## Iteration:    5 fold:  -24.99867394 fnew:  -24.99985337 xo
ld:    2.24419587 xnew:    2.23877400 ratio:    0.33293027[] 
 []


Overfull \hbox (344.7133pt too wide) in paragraph at lines 3017--3017
[]\T1/lmtt/m/n/12 ## Iteration:    6 fold:  -24.99985337 fnew:  -24.99998373 xo
ld:    2.23877400 xnew:    2.23696962 ratio:    0.33319896[] 
 []


Overfull \hbox (344.7063pt too wide) in paragraph at lines 3017--3017
[]\T1/lmtt/m/n/12 ## Iteration:    7 fold:  -24.99998373 fnew:  -24.99999819 xo
ld:    2.23696962 xnew:    2.23636848 ratio:    0.33328854[] 
 []


Overfull \hbox (344.7133pt too wide) in paragraph at lines 3017--3017
[]\T1/lmtt/m/n/12 ## Iteration:    8 fold:  -24.99999819 fnew:  -24.99999980 xo
ld:    2.23636848 xnew:    2.23616814 ratio:    0.33331840[] 
 []


Overfull \hbox (344.6993pt too wide) in paragraph at lines 3017--3017
[]\T1/lmtt/m/n/12 ## Iteration:    9 fold:  -24.99999980 fnew:  -24.99999998 xo
ld:    2.23616814 xnew:    2.23610137 ratio:    0.33332836[] 
 []


Overfull \hbox (344.74832pt too wide) in paragraph at lines 3017--3017
[]\T1/lmtt/m/n/12 ## Iteration:   10 fold:  -24.99999998 fnew:  -25.00000000 xo
ld:    2.23610137 xnew:    2.23607911 ratio:    0.33333167[] 
 []


Overfull \hbox (344.79034pt too wide) in paragraph at lines 3017--3017
[]\T1/lmtt/m/n/12 ## Iteration:   11 fold:  -25.00000000 fnew:  -25.00000000 xo
ld:    2.23607911 xnew:    2.23607169 ratio:    0.33333278[] 
 []


Overfull \hbox (344.78334pt too wide) in paragraph at lines 3017--3017
[]\T1/lmtt/m/n/12 ## Iteration:   12 fold:  -25.00000000 fnew:  -25.00000000 xo
ld:    2.23607169 xnew:    2.23606921 ratio:    0.33333315[] 
 []

[93 <./_main_files/figure-latex/bookfig5-1.pdf>]
Overfull \hbox (344.78334pt too wide) in paragraph at lines 3017--3017
[]\T1/lmtt/m/n/12 ## Iteration:   13 fold:  -25.00000000 fnew:  -25.00000000 xo
ld:    2.23606921 xnew:    2.23606839 ratio:    0.33333327[] 
 []


Overfull \hbox (344.79034pt too wide) in paragraph at lines 3017--3017
[]\T1/lmtt/m/n/12 ## Iteration:   14 fold:  -25.00000000 fnew:  -25.00000000 xo
ld:    2.23606839 xnew:    2.23606811 ratio:    0.33333331[] 
 []


Overfull \hbox (344.79735pt too wide) in paragraph at lines 3017--3017
[]\T1/lmtt/m/n/12 ## Iteration:   15 fold:  -25.00000000 fnew:  -25.00000000 xo
ld:    2.23606811 xnew:    2.23606802 ratio:    0.33333333[] 
 []

<_main_files/figure-latex/cobexample-1.pdf, id=1449, 434.62375pt x 248.93pt>
File: _main_files/figure-latex/cobexample-1.pdf Graphic file (type pdf)
<use _main_files/figure-latex/cobexample-1.pdf>
Package pdftex.def Info: _main_files/figure-latex/cobexample-1.pdf  used on inp
ut line 3023.
(pdftex.def)             Requested size: 390.02371pt x 223.38539pt.
[94 <./_main_files/figure-latex/cobexample-1.pdf>]
<_main_files/figure-latex/strange-1.pdf, id=1462, 440.64626pt x 248.93pt>
File: _main_files/figure-latex/strange-1.pdf Graphic file (type pdf)
<use _main_files/figure-latex/strange-1.pdf>
Package pdftex.def Info: _main_files/figure-latex/strange-1.pdf  used on input 
line 3045.
(pdftex.def)             Requested size: 390.01561pt x 220.32771pt.
[95 <./_main_files/figure-latex/strange-1.pdf>] [96]
Underfull \hbox (badness 1454) in paragraph at lines 3119--3121
[]\T1/lmr/m/n/12 The dif-fer-ence be-tween D-majorization and H-majorization is
 that if
 []

[97] [98] [99]

LaTeX Warning: Reference `T:nes' on page 100 undefined on input line 3243.

[100] [101] [102] [103]
Underfull \hbox (badness 4266) in paragraph at lines 3415--3420
[]\T1/lmr/m/n/12 Suppose $\OML/lmm/m/it/12 f\OT1/lmr/m/n/12 (\OML/lmm/m/it/12 x
\OT1/lmr/m/n/12 ) = [][] \OML/lmm/m/it/12 g\OT1/lmr/m/n/12 (\OML/lmm/m/it/12 x;
 y\OT1/lmr/m/n/12 )$ \T1/lmr/m/n/12 and $\OML/lmm/m/it/12 g\OT1/lmr/m/n/12 (\OM
L/lmm/m/it/12 x; y\OT1/lmr/m/n/12 ) = [][] \OML/lmm/m/it/12 h\OT1/lmr/m/n/12 (\
OML/lmm/m/it/12 x; y; z\OT1/lmr/m/n/12 )$\T1/lmr/m/n/12 ,
 []

[104]
Overfull \hbox (8.26566pt too wide) detected at line 3469
\OML/lmm/m/it/12 g\OT1/lmr/m/n/12 (\OML/lmm/m/it/12 x\OT1/lmr/m/n/12 ) = [] \OM
L/lmm/m/it/12 f\OT1/lmr/m/n/12 (\OML/lmm/m/it/12 x; y\OT1/lmr/m/n/12 ) = [] [] 
\OML/lmm/m/it/12 h\OT1/lmr/m/n/12 (\OML/lmm/m/it/12 x; z; y\OT1/lmr/m/n/12 ) = 
[] [] [] \OML/lmm/m/it/12 h\OT1/lmr/m/n/12 (\OML/lmm/m/it/12 x; z; y\OT1/lmr/m/
n/12 ) = [] \OML/lmm/m/it/12 k\OT1/lmr/m/n/12 (\OML/lmm/m/it/12 x; z\OT1/lmr/m/
n/12 )\OML/lmm/m/it/12 :
 []

[105]
<_main_files/figure-latex/afuncs-1.pdf, id=1539, 436.63126pt x 248.93pt>
File: _main_files/figure-latex/afuncs-1.pdf Graphic file (type pdf)
<use _main_files/figure-latex/afuncs-1.pdf>
Package pdftex.def Info: _main_files/figure-latex/afuncs-1.pdf  used on input l
ine 3493.
(pdftex.def)             Requested size: 389.99971pt x 222.34465pt.
[106 <./_main_files/figure-latex/afuncs-1.pdf>]
<_main_files/figure-latex/maj3-1.pdf, id=1551, 436.63126pt x 248.93pt>
File: _main_files/figure-latex/maj3-1.pdf Graphic file (type pdf)
<use _main_files/figure-latex/maj3-1.pdf>
Package pdftex.def Info: _main_files/figure-latex/maj3-1.pdf  used on input lin
e 3525.
(pdftex.def)             Requested size: 389.99971pt x 222.34465pt.
[107 <./_main_files/figure-latex/maj3-1.pdf>]
<_main_files/figure-latex/qcm-1.pdf, id=1563, 436.63126pt x 248.93pt>
File: _main_files/figure-latex/qcm-1.pdf Graphic file (type pdf)
<use _main_files/figure-latex/qcm-1.pdf>
Package pdftex.def Info: _main_files/figure-latex/qcm-1.pdf  used on input line
 3556.
(pdftex.def)             Requested size: 389.99971pt x 222.34465pt.
[108 <./_main_files/figure-latex/qcm-1.pdf>]
<_main_files/figure-latex/ex2-1.pdf, id=1576, 436.63126pt x 248.93pt>
File: _main_files/figure-latex/ex2-1.pdf Graphic file (type pdf)
<use _main_files/figure-latex/ex2-1.pdf>
Package pdftex.def Info: _main_files/figure-latex/ex2-1.pdf  used on input line
 3585.
(pdftex.def)             Requested size: 389.99971pt x 222.34465pt.

Underfull \vbox (badness 10000) has occurred while \output is active []

[109]
Overfull \hbox (332.29326pt too wide) in paragraph at lines 3598--3598
[]\T1/lmtt/m/n/12 Iteration:  100000 xold:   -0.99998667 xnew:   -0.99998667 fo
ld:   -0.29166667 fnew:   -0.29166667 lbd:    0.99998000[] 
 []

<_main_files/figure-latex/symq-1.pdf, id=1583, 436.63126pt x 248.93pt>
File: _main_files/figure-latex/symq-1.pdf Graphic file (type pdf)
<use _main_files/figure-latex/symq-1.pdf>
Package pdftex.def Info: _main_files/figure-latex/symq-1.pdf  used on input lin
e 3609.
(pdftex.def)             Requested size: 389.99971pt x 222.34465pt.
[110 <./_main_files/figure-latex/ex2-1.pdf>] [111 <./_main_files/figure-latex/s
ymq-1.pdf>]
<_main_files/figure-latex/qcub-1.pdf, id=1607, 436.63126pt x 248.93pt>
File: _main_files/figure-latex/qcub-1.pdf Graphic file (type pdf)
<use _main_files/figure-latex/qcub-1.pdf>
Package pdftex.def Info: _main_files/figure-latex/qcub-1.pdf  used on input lin
e 3635.
(pdftex.def)             Requested size: 389.99971pt x 222.34465pt.

Underfull \vbox (badness 4569) has occurred while \output is active []

[112 <./_main_files/figure-latex/qcub-1.pdf>] [113]
<_main_files/figure-latex/normal-1.pdf, id=1623, 436.63126pt x 252.945pt>
File: _main_files/figure-latex/normal-1.pdf Graphic file (type pdf)
<use _main_files/figure-latex/normal-1.pdf>
Package pdftex.def Info: _main_files/figure-latex/normal-1.pdf  used on input l
ine 3691.
(pdftex.def)             Requested size: 389.99971pt x 225.93086pt.
[114 <./_main_files/figure-latex/normal-1.pdf>] [115] [116] [117] [118]

LaTeX Warning: Command \textflorin invalid in math mode on input line 3911.


LaTeX Warning: Command \textflorin invalid in math mode on input line 3911.

[119] [120]
LaTeX Font Info:    Font shape `T1/lmtt/bx/n' in size <12> not available
(Font)              Font shape `T1/lmtt/b/n' tried instead on input line 3979.
<graphics/ozo.png, id=1683, 481.8pt x 481.8pt>
File: graphics/ozo.png Graphic file (type png)
<use graphics/ozo.png>
Package pdftex.def Info: graphics/ozo.png  used on input line 3994.
(pdftex.def)             Requested size: 481.8135pt x 481.8135pt.

Overfull \hbox (91.8135pt too wide) in paragraph at lines 3994--3994
 [] 
 []


Underfull \vbox (badness 2261) has occurred while \output is active []

[121]
<graphics/aza.png, id=1690, 481.8pt x 481.8pt>
File: graphics/aza.png Graphic file (type png)
<use graphics/aza.png>
Package pdftex.def Info: graphics/aza.png  used on input line 3996.
(pdftex.def)             Requested size: 481.8135pt x 481.8135pt.

Overfull \hbox (91.8135pt too wide) in paragraph at lines 3996--3996
 [] 
 []


Underfull \vbox (badness 7133) has occurred while \output is active []

[122 <./graphics/ozo.png>]
Underfull \vbox (badness 7133) has occurred while \output is active []

[123 <./graphics/aza.png>] [124]
Chapter 4.
[125

] [126] [127]
<_main_files/figure-latex/mylog-1.pdf, id=1723, 436.63126pt x 248.93pt>
File: _main_files/figure-latex/mylog-1.pdf Graphic file (type pdf)
<use _main_files/figure-latex/mylog-1.pdf>
Package pdftex.def Info: _main_files/figure-latex/mylog-1.pdf  used on input li
ne 4157.
(pdftex.def)             Requested size: 389.99971pt x 222.34465pt.

Underfull \vbox (badness 10000) has occurred while \output is active []

[128]
<_main_files/figure-latex/morelog-1.pdf, id=1729, 436.63126pt x 248.93pt>
File: _main_files/figure-latex/morelog-1.pdf Graphic file (type pdf)
<use _main_files/figure-latex/morelog-1.pdf>
Package pdftex.def Info: _main_files/figure-latex/morelog-1.pdf  used on input 
line 4171.
(pdftex.def)             Requested size: 389.99971pt x 222.34465pt.

Underfull \vbox (badness 10000) has occurred while \output is active []

[129 <./_main_files/figure-latex/mylog-1.pdf>] [130 <./_main_files/figure-latex
/morelog-1.pdf>]

Package hyperref Warning: Suppressing link with empty target on input line 4200
.


Package hyperref Warning: Suppressing link with empty target on input line 4200
.

[131] [132] [133] [134] [135] [136

]
Chapter 5.
[137] [138] [139]
Overfull \hbox (50.04153pt too wide) detected at line 4482
\OML/lmm/m/it/12 ^^N[]\OT1/lmr/m/n/12 (\OML/lmm/m/it/12 x; y\OT1/lmr/m/n/12 ) \
OMS/lmsy/m/n/12 ^^U \OML/lmm/m/it/12 ^^U[] [] \OMS/lmsy/m/n/12 ^^U [] \OML/lmm/
m/it/12 ^^U[] [] ;
 []

<graphics/cali.png, id=1842, 505.89pt x 505.89pt>
File: graphics/cali.png Graphic file (type png)
<use graphics/cali.png>
Package pdftex.def Info: graphics/cali.png  used on input line 4495.
(pdftex.def)             Requested size: 505.89645pt x 505.89645pt.

Overfull \hbox (115.89645pt too wide) in paragraph at lines 4495--4496
 [][] 
 []

[140] [141] [142 <./graphics/cali.png>] [143] [144]
<_main_files/figure-latex/pnorm-1.pdf, id=1884, 436.63126pt x 252.945pt>
File: _main_files/figure-latex/pnorm-1.pdf Graphic file (type pdf)
<use _main_files/figure-latex/pnorm-1.pdf>
Package pdftex.def Info: _main_files/figure-latex/pnorm-1.pdf  used on input li
ne 4620.
(pdftex.def)             Requested size: 389.99971pt x 225.93086pt.
<_main_files/figure-latex/dnorm-1.pdf, id=1885, 436.63126pt x 248.93pt>
File: _main_files/figure-latex/dnorm-1.pdf Graphic file (type pdf)
<use _main_files/figure-latex/dnorm-1.pdf>
Package pdftex.def Info: _main_files/figure-latex/dnorm-1.pdf  used on input li
ne 4624.
(pdftex.def)             Requested size: 389.99971pt x 222.34465pt.

Underfull \vbox (badness 10000) has occurred while \output is active []

[145 <./_main_files/figure-latex/pnorm-1.pdf>] [146 <./_main_files/figure-latex
/dnorm-1.pdf>]
Overfull \hbox (21.33911pt too wide) detected at line 4667
\OML/lmm/m/it/12 f\OT1/lmr/m/n/12 (\OML/lmm/m/it/12 x\OT1/lmr/m/n/12 ) = \OML/l
mm/m/it/12 f\OT1/lmr/m/n/12 ([]) + 2 [] [] \OML/lmm/m/it/12 w[]\OT1/lmr/m/n/12 
(\OML/lmm/m/it/12 y[] \OMS/lmsy/m/n/12 ^^@ \OML/lmm/m/it/12 h[]\OT1/lmr/m/n/12 
([]))(\OML/lmm/m/it/12 h[]\OT1/lmr/m/n/12 ([]) \OMS/lmsy/m/n/12 ^^@ \OML/lmm/m/
it/12 h[]\OT1/lmr/m/n/12 (\OML/lmm/m/it/12 x\OT1/lmr/m/n/12 )) + [] [] \OML/lmm
/m/it/12 w[]\OT1/lmr/m/n/12 (\OML/lmm/m/it/12 h[]\OT1/lmr/m/n/12 ([]) \OMS/lmsy
/m/n/12 ^^@ \OML/lmm/m/it/12 h[]\OT1/lmr/m/n/12 (\OML/lmm/m/it/12 x\OT1/lmr/m/n
/12 ))[]\OML/lmm/m/it/12 :
 []

[147] [148] [149] [150

]
Chapter 6.
[151] [152] [153] [154] [155] [156] [157] [158] [159]
<_main_files/figure-latex/logders-1.pdf, id=1994, 442.65375pt x 294.09875pt>
File: _main_files/figure-latex/logders-1.pdf Graphic file (type pdf)
<use _main_files/figure-latex/logders-1.pdf>
Package pdftex.def Info: _main_files/figure-latex/logders-1.pdf  used on input 
line 5161.
(pdftex.def)             Requested size: 390.0228pt x 259.1308pt.
[160 <./_main_files/figure-latex/logders-1.pdf>]
Overfull \hbox (42.20059pt too wide) in paragraph at lines 5179--5180
[]\T1/lmr/m/n/12 The code in \T1/lmtt/m/n/12 logitPom.R \T1/lmr/m/n/12 com-pute
s the poly-no-mi-als $\OML/lmm/m/it/12 P[]$\T1/lmr/m/n/12 . With \T1/lmtt/m/n/1
2 logitPomRecursive(n)
 []

[161] [162

]
Chapter 7.
[163]
<_main_files/figure-latex/minplot-1.pdf, id=2024, 436.63126pt x 248.93pt>
File: _main_files/figure-latex/minplot-1.pdf Graphic file (type pdf)
<use _main_files/figure-latex/minplot-1.pdf>
Package pdftex.def Info: _main_files/figure-latex/minplot-1.pdf  used on input 
line 5237.
(pdftex.def)             Requested size: 389.99971pt x 222.34465pt.
[164 <./_main_files/figure-latex/minplot-1.pdf>] [165] [166]
Overfull \hbox (17.96487pt too wide) detected at line 5362
\OML/lmm/m/it/12 x[] \OT1/lmr/m/n/12 = \OML/lmm/m/it/12 y \OMS/lmsy/m/n/12 ^^@ 
\OT1/lmr/m/n/12 2[]\OML/lmm/m/it/12 V[]\OT1/lmr/m/n/12 (\OMS/lmsy/m/n/12 D\OML/
lmm/m/it/12 f\OT1/lmr/m/n/12 (\OML/lmm/m/it/12 x[]\OT1/lmr/m/n/12 ) \OMS/lmsy/m
/n/12 ^^@ D\OML/lmm/m/it/12 f\OT1/lmr/m/n/12 (\OML/lmm/m/it/12 y\OT1/lmr/m/n/12
 ))
 []

[167] [168]

LaTeX Warning: Reference `ruitenburg_theorem' on page 169 undefined on input li
ne 5439.


Package amsmath Warning: Foreign command \over;
(amsmath)                \frac or \genfrac should be used instead
(amsmath)                 on input line 5446.

[169]

LaTeX Warning: Reference `declining_ratio' on page 170 undefined on input line 
5466.

[170]

LaTeX Warning: Reference `convex_sqrt' on page 171 undefined on input line 5504
.

[171] [172] [173]
Overfull \hbox (42.0674pt too wide) detected at line 5631
[]\OT1/lmr/m/n/12 (\OML/lmm/m/it/12 x\OT1/lmr/m/n/12 ) = [](\OML/lmm/m/it/12 y\
OT1/lmr/m/n/12 ) \OMS/lmsy/m/n/12 ^^@ []\OT1/lmr/m/n/12 (\OML/lmm/m/it/12 y\OT1
/lmr/m/n/12 )(\OML/lmm/m/it/12 x \OMS/lmsy/m/n/12 ^^@ \OML/lmm/m/it/12 y\OT1/lm
r/m/n/12 ) \OMS/lmsy/m/n/12 ^^@ [] []\OT1/lmr/m/n/12 (\OML/lmm/m/it/12 y\OT1/lm
r/m/n/12 )(\OML/lmm/m/it/12 x \OMS/lmsy/m/n/12 ^^@ \OML/lmm/m/it/12 y\OT1/lmr/m
/n/12 )[] + [] [](\OML/lmm/m/it/12 y\OT1/lmr/m/n/12 )(\OML/lmm/m/it/12 x \OMS/l
msy/m/n/12 ^^@ \OML/lmm/m/it/12 y\OT1/lmr/m/n/12 )[] + [] [](\OML/lmm/m/it/12 y
\OT1/lmr/m/n/12 )(\OML/lmm/m/it/12 x \OMS/lmsy/m/n/12 ^^@ \OML/lmm/m/it/12 y\OT
1/lmr/m/n/12 )[] + \OML/lmm/m/it/12 :::
 []


Overfull \hbox (36.23111pt too wide) detected at line 5658
[]
 []

[174]
<_main_files/figure-latex/three-1.pdf, id=2114, 448.67625pt x 275.0275pt>
File: _main_files/figure-latex/three-1.pdf Graphic file (type pdf)
<use _main_files/figure-latex/three-1.pdf>
Package pdftex.def Info: _main_files/figure-latex/three-1.pdf  used on input li
ne 5662.
(pdftex.def)             Requested size: 390.00972pt x 239.06636pt.
<_main_files/figure-latex/cosine-1.pdf, id=2115, 436.63126pt x 248.93pt>
File: _main_files/figure-latex/cosine-1.pdf Graphic file (type pdf)
<use _main_files/figure-latex/cosine-1.pdf>
Package pdftex.def Info: _main_files/figure-latex/cosine-1.pdf  used on input l
ine 5670.
(pdftex.def)             Requested size: 389.99971pt x 222.34465pt.

Underfull \vbox (badness 4479) has occurred while \output is active []

[175 <./_main_files/figure-latex/three-1.pdf>] [176 <./_main_files/figure-latex
/cosine-1.pdf>] [177] [178] [179] [180

]
Chapter 8.

Package hyperref Warning: Difference (2) between bookmark levels is greater 
(hyperref)                than one, level fixed on input line 5792.

[181] [182] [183]
Overfull \hbox (196.60428pt too wide) in paragraph at lines 5930--5930
[]\T1/lmtt/m/n/12 Iteration:    1 fold:   -0.08283333 fnew:   -0.13968825 xold:
    0.50000000 xnew:    0.74900000[] 
 []


Overfull \hbox (196.54124pt too wide) in paragraph at lines 5930--5930
[]\T1/lmtt/m/n/12 Iteration:    2 fold:   -0.13968825 fnew:   -0.16376999 xold:
    0.74900000 xnew:    0.93599900[] 
 []


Overfull \hbox (196.52724pt too wide) in paragraph at lines 5930--5930
[]\T1/lmtt/m/n/12 Iteration:    3 fold:   -0.16376999 fnew:   -0.16565882 xold:
    0.93599900 xnew:    0.99490387[] 
 []


Overfull \hbox (196.54825pt too wide) in paragraph at lines 5930--5930
[]\T1/lmtt/m/n/12 Iteration:    4 fold:   -0.16565882 fnew:   -0.16566717 xold:
    0.99490387 xnew:    0.99897403[] 
 []


Overfull \hbox (196.52724pt too wide) in paragraph at lines 5930--5930
[]\T1/lmtt/m/n/12 Iteration:    5 fold:   -0.16566717 fnew:   -0.16566717 xold:
    0.99897403 xnew:    0.99899895[] 
 []


Overfull \hbox (196.50623pt too wide) in paragraph at lines 5930--5930
[]\T1/lmtt/m/n/12 Iteration:    6 fold:   -0.16566717 fnew:   -0.16566717 xold:
    0.99899895 xnew:    0.99899900[] 
 []

[184]
Overfull \hbox (196.59027pt too wide) in paragraph at lines 5955--5955
[]\T1/lmtt/m/n/12 Iteration:    1 fold:    0.04116667 fnew:    0.04116567 xold:
    0.50000000 xnew:    0.50100000[] 
 []


Overfull \hbox (196.57626pt too wide) in paragraph at lines 5955--5955
[]\T1/lmtt/m/n/12 Iteration:    2 fold:    0.04116567 fnew:    0.04116467 xold:
    0.50100000 xnew:    0.50199900[] 
 []


Overfull \hbox (196.56226pt too wide) in paragraph at lines 5955--5955
[]\T1/lmtt/m/n/12 Iteration:    3 fold:    0.04116467 fnew:    0.04116368 xold:
    0.50199900 xnew:    0.50299500[] 
 []


Overfull \hbox (196.57626pt too wide) in paragraph at lines 5955--5955
[]\T1/lmtt/m/n/12 Iteration:    4 fold:    0.04116368 fnew:    0.04116270 xold:
    0.50299500 xnew:    0.50398603[] 
 []


Overfull \hbox (196.59027pt too wide) in paragraph at lines 5955--5955
[]\T1/lmtt/m/n/12 Iteration:    5 fold:    0.04116270 fnew:    0.04116174 xold:
    0.50398603 xnew:    0.50497015[] 
 []


Overfull \hbox (196.60428pt too wide) in paragraph at lines 5955--5955
[]\T1/lmtt/m/n/12 Iteration:   89 fold:    0.04114559 fnew:    0.04114559 xold:
    0.53141255 xnew:    0.53142580[] 
 []


Overfull \hbox (196.60428pt too wide) in paragraph at lines 5955--5955
[]\T1/lmtt/m/n/12 Iteration:   90 fold:    0.04114559 fnew:    0.04114559 xold:
    0.53142580 xnew:    0.53143822[] 
 []


Overfull \hbox (196.59027pt too wide) in paragraph at lines 5955--5955
[]\T1/lmtt/m/n/12 Iteration:   91 fold:    0.04114559 fnew:    0.04114559 xold:
    0.53143822 xnew:    0.53144986[] 
 []


Overfull \hbox (196.58327pt too wide) in paragraph at lines 5955--5955
[]\T1/lmtt/m/n/12 Iteration:   92 fold:    0.04114559 fnew:    0.04114559 xold:
    0.53144986 xnew:    0.53146077[] 
 []


Overfull \hbox (196.58327pt too wide) in paragraph at lines 5955--5955
[]\T1/lmtt/m/n/12 Iteration:   93 fold:    0.04114559 fnew:    0.04114559 xold:
    0.53146077 xnew:    0.53147099[] 
 []


Overfull \hbox (196.58327pt too wide) in paragraph at lines 5955--5955
[]\T1/lmtt/m/n/12 Iteration:   94 fold:    0.04114559 fnew:    0.04114559 xold:
    0.53147099 xnew:    0.53148056[] 
 []

<graphics/cobweb001.png, id=2179, 481.8pt x 481.8pt>
File: graphics/cobweb001.png Graphic file (type png)
<use graphics/cobweb001.png>
Package pdftex.def Info: graphics/cobweb001.png  used on input line 5961.
(pdftex.def)             Requested size: 481.8135pt x 481.8135pt.

Overfull \hbox (91.8135pt too wide) in paragraph at lines 5961--5962
 [][] 
 []

<graphics/cobweb249.png, id=2180, 481.8pt x 481.8pt>
File: graphics/cobweb249.png Graphic file (type png)
<use graphics/cobweb249.png>
Package pdftex.def Info: graphics/cobweb249.png  used on input line 5970.
(pdftex.def)             Requested size: 481.8135pt x 481.8135pt.

Overfull \hbox (91.8135pt too wide) in paragraph at lines 5970--5971
 [][] 
 []

[185] [186 <./graphics/cobweb001.png>] [187 <./graphics/cobweb249.png>] [188] [
189] [190] [191] [192]
<_main_files/figure-latex/qtwothree-1.pdf, id=2230, 438.63875pt x 252.945pt>
File: _main_files/figure-latex/qtwothree-1.pdf Graphic file (type pdf)
<use _main_files/figure-latex/qtwothree-1.pdf>
Package pdftex.def Info: _main_files/figure-latex/qtwothree-1.pdf  used on inpu
t line 6216.
(pdftex.def)             Requested size: 390.00574pt x 224.90034pt.

Underfull \vbox (badness 1424) has occurred while \output is active []

[193]
<_main_files/figure-latex/qhalf-1.pdf, id=2236, 436.63126pt x 248.93pt>
File: _main_files/figure-latex/qhalf-1.pdf Graphic file (type pdf)
<use _main_files/figure-latex/qhalf-1.pdf>
Package pdftex.def Info: _main_files/figure-latex/qhalf-1.pdf  used on input li
ne 6222.
(pdftex.def)             Requested size: 389.99971pt x 222.34465pt.
[194 <./_main_files/figure-latex/qtwothree-1.pdf> <./_main_files/figure-latex/q
half-1.pdf>] [195] [196

]
Chapter 9.
[197] [198] [199] [200] [201]
Underfull \vbox (badness 1596) has occurred while \output is active []

[202] [203] [204] [205] [206] [207] [208] [209] [210]

LaTeX Warning: Reference `T:triv' on page 211 undefined on input line 6812.

[211]
<graphics/bookfig3.png, id=2392, 786.94pt x 586.19pt>
File: graphics/bookfig3.png Graphic file (type png)
<use graphics/bookfig3.png>
Package pdftex.def Info: graphics/bookfig3.png  used on input line 6888.
(pdftex.def)             Requested size: 736.33752pt x 548.49632pt.

Overfull \hbox (346.33752pt too wide) in paragraph at lines 6888--6889
 [][] 
 []


LaTeX Warning: Float too large for page by 26.82964pt on input line 6893.

[212] [213 <./graphics/bookfig3.png>]

LaTeX Warning: Reference `T:ostrow' on page 214 undefined on input line 6944.

[214]
Underfull \hbox (badness 1365) in paragraph at lines 6984--6984
[]\T1/lmr/bx/n/14.4 Acceleration of Con-ver-gence of Fixed Point
 []

[215] [216] [217] [218] [219] [220]
Underfull \hbox (badness 10000) in paragraph at lines 7187--7189
[][]$\T1/lmr/m/n/12 http : / / en . wikipedia . org / wiki / Principal _ angles
$[] []$http : / / meyer . math . ncsu .
 []

[221] [222] [223] [224]
<_main_files/figure-latex/secular1-1.pdf, id=2482, 436.63126pt x 248.93pt>
File: _main_files/figure-latex/secular1-1.pdf Graphic file (type pdf)
<use _main_files/figure-latex/secular1-1.pdf>
Package pdftex.def Info: _main_files/figure-latex/secular1-1.pdf  used on input
 line 7315.
(pdftex.def)             Requested size: 389.99971pt x 222.34465pt.
[225 <./_main_files/figure-latex/secular1-1.pdf>] [226] [227]
<_main_files/figure-latex/secular2-1.pdf, id=2526, 436.63126pt x 248.93pt>
File: _main_files/figure-latex/secular2-1.pdf Graphic file (type pdf)
<use _main_files/figure-latex/secular2-1.pdf>
Package pdftex.def Info: _main_files/figure-latex/secular2-1.pdf  used on input
 line 7414.
(pdftex.def)             Requested size: 389.99971pt x 222.34465pt.
[228 <./_main_files/figure-latex/secular2-1.pdf>] [229] [230] [231] [232] [233]
[234] [235]
<_main_files/figure-latex/cobnewton-1.pdf, id=2598, 245.91875pt x 248.93pt>
File: _main_files/figure-latex/cobnewton-1.pdf Graphic file (type pdf)
<use _main_files/figure-latex/cobnewton-1.pdf>
Package pdftex.def Info: _main_files/figure-latex/cobnewton-1.pdf  used on inpu
t line 7723.
(pdftex.def)             Requested size: 245.92188pt x 248.93317pt.
[236] [237 <./_main_files/figure-latex/cobnewton-1.pdf>]
Underfull \vbox (badness 10000) detected at line 7796
 []


Underfull \vbox (badness 10000) detected at line 7796
 []

[238] [239] [240] [241]
Underfull \vbox (badness 10000) detected at line 7951
 []


Underfull \vbox (badness 10000) detected at line 7951
 []

[242] [243]
Underfull \hbox (badness 1424) in paragraph at lines 8011--8013
\T1/lmr/m/n/12 approximation Al-go-rithms.'' \T1/lmr/m/it/12 An-nals of the In-
sti-tute of Sta-tis-ti-cal
 []


Underfull \hbox (badness 2591) in paragraph at lines 8026--8028
[][]\T1/lmr/m/n/12 Céa, J. 1968. ``Les Méth-odes de `De-scente' dans la The-o-r
ie de
 []

[244]
Underfull \hbox (badness 1348) in paragraph at lines 8041--8043
[][]\T1/lmr/m/n/12 De Leeuw, J. 1968. ``Non-metric Dis-crim-i-nant Anal-y-sis.'
' Re-search
 []


Underfull \hbox (badness 1515) in paragraph at lines 8041--8043
\T1/lmr/m/n/12 Note 06-68. De-part-ment of Data The-ory, Uni-ver-sity of Lei-de
n.
 []

[245] [246] [247] [248] [249]
Underfull \hbox (badness 1762) in paragraph at lines 8266--8268
\T1/lmr/m/n/12 Meth-ode der kle-in-sten Quadrate führt, sowie lineäre Gle-ichun
-gen
 []


Underfull \hbox (badness 1033) in paragraph at lines 8266--8268
\T1/lmr/m/it/12 Der Mathematisch-Physikalischen Klasse Der Königlich Bay-erisch
en
 []

[250]
Underfull \hbox (badness 10000) in paragraph at lines 8287--8289
[]$\T1/lmr/m/n/12 http : / / www . stat . ucla . edu / ~deleeuw / janspubs / 19
77 / articles / takane _
 []

[251]
Underfull \hbox (badness 10000) in paragraph at lines 8344--8346
[]$\T1/lmr/m/n/12 http : / / www . stat . ucla . edu / ~deleeuw / janspubs / 19
80 / chapters / young _
 []

[252] [253] (./_main.aux)

LaTeX Warning: There were undefined references.

Package rerunfilecheck Info: File `_main.out' has not changed.
(rerunfilecheck)             Checksum: 20FEF9CFEE82DB438505BBB2C885FD8D;20474.
 ) 
Here is how much of TeX's memory you used:
 12154 strings out of 480452
 187151 string characters out of 5897156
 480158 words of memory out of 5000000
 28936 multiletter control sequences out of 15000+600000
 485115 words of font info for 84 fonts, out of 8000000 for 9000
 14 hyphenation exceptions out of 8191
 60i,19n,66p,1354b,475s stack positions out of 5000i,500n,10000p,200000b,80000s
{/Users/deleeuw/Library/TinyTeX/texmf-dist/fonts/enc/dvips/lm/lm-ec.enc}{/Use
rs/deleeuw/Library/TinyTeX/texmf-dist/fonts/enc/dvips/lm/lm-ts1.enc}{/Users/del
eeuw/Library/TinyTeX/texmf-dist/fonts/enc/dvips/lm/lm-rm.enc}{/Users/deleeuw/Li
brary/TinyTeX/texmf-dist/fonts/enc/dvips/lm/lm-mathsy.enc}{/Users/deleeuw/Libra
ry/TinyTeX/texmf-dist/fonts/enc/dvips/lm/lm-mathex.enc}{/Users/deleeuw/Library/
TinyTeX/texmf-dist/fonts/enc/dvips/lm/lm-mathit.enc}</Users/deleeuw/Library/Tin
yTeX/texmf-dist/fonts/type1/public/lm/lmbx12.pfb></Users/deleeuw/Library/TinyTe
X/texmf-dist/fonts/type1/public/lm/lmbx8.pfb></Users/deleeuw/Library/TinyTeX/te
xmf-dist/fonts/type1/public/lm/lmex10.pfb></Users/deleeuw/Library/TinyTeX/texmf
-dist/fonts/type1/public/lm/lmmi12.pfb></Users/deleeuw/Library/TinyTeX/texmf-di
st/fonts/type1/public/lm/lmmi6.pfb></Users/deleeuw/Library/TinyTeX/texmf-dist/f
onts/type1/public/lm/lmmi8.pfb></Users/deleeuw/Library/TinyTeX/texmf-dist/fonts
/type1/public/lm/lmr12.pfb></Users/deleeuw/Library/TinyTeX/texmf-dist/fonts/typ
e1/public/lm/lmr17.pfb></Users/deleeuw/Library/TinyTeX/texmf-dist/fonts/type1/p
ublic/lm/lmr6.pfb></Users/deleeuw/Library/TinyTeX/texmf-dist/fonts/type1/public
/lm/lmr8.pfb></Users/deleeuw/Library/TinyTeX/texmf-dist/fonts/type1/public/lm/l
mri12.pfb></Users/deleeuw/Library/TinyTeX/texmf-dist/fonts/type1/public/lm/lmro
12.pfb></Users/deleeuw/Library/TinyTeX/texmf-dist/fonts/type1/public/lm/lmsy10.
pfb></Users/deleeuw/Library/TinyTeX/texmf-dist/fonts/type1/public/lm/lmsy6.pfb>
</Users/deleeuw/Library/TinyTeX/texmf-dist/fonts/type1/public/lm/lmsy8.pfb></Us
ers/deleeuw/Library/TinyTeX/texmf-dist/fonts/type1/public/lm/lmtk10.pfb></Users
/deleeuw/Library/TinyTeX/texmf-dist/fonts/type1/public/lm/lmtt12.pfb></Users/de
leeuw/Library/TinyTeX/texmf-dist/fonts/type1/public/amsfonts/symbols/msam10.pfb
></Users/deleeuw/Library/TinyTeX/texmf-dist/fonts/type1/public/amsfonts/symbols
/msbm10.pfb>
Output written on _main.pdf (253 pages, 2684890 bytes).
PDF statistics:
 2975 PDF objects out of 2984 (max. 8388607)
 2513 compressed objects within 26 object streams
 686 named destinations out of 1000 (max. 500000)
 1179 words of extra memory for PDF output out of 10000 (max. 10000000)

